<?xml version="1.0" encoding="UTF-8"?>
<!-- Generated by org.testng.reporters.JUnitReportReporter -->
<testsuite skipped="0" hostname="LINERYDER-PC" name="SortTest" tests="38" failures="0" timestamp="2019-12-13T02:47:49 MST" time="0.138" errors="0">
  <testcase name="testSort_AA" time="0.001" classname="SortTest"/>
  <testcase name="testSort_BAA" time="0.002" classname="SortTest"/>
  <testcase name="testSortComparator_ABA" time="0.001" classname="SortTest"/>
  <testcase name="testSortComparator_BAB" time="0.001" classname="SortTest"/>
  <testcase name="testSort_AB" time="0.002" classname="SortTest"/>
  <testcase name="testSortComparator_A" time="0.012" classname="SortTest"/>
  <testcase name="testSortComparator_CADB" time="0.002" classname="SortTest"/>
  <testcase name="testSort_CADB" time="0.001" classname="SortTest"/>
  <testcase name="testSort_BigList" time="0.044" classname="SortTest"/>
  <testcase name="testSortComparator_AA" time="0.001" classname="SortTest"/>
  <testcase name="testSortComparator_ABC" time="0.000" classname="SortTest"/>
  <testcase name="testSort_ABC" time="0.002" classname="SortTest"/>
  <testcase name="testSortComparator_ACB" time="0.001" classname="SortTest"/>
  <testcase name="testSort_BCA" time="0.001" classname="SortTest"/>
  <testcase name="testSortComparator_BCA" time="0.001" classname="SortTest"/>
  <testcase name="testSortComparator_BigList" time="0.041" classname="SortTest"/>
  <testcase name="testSortComparator_BDAC" time="0.000" classname="SortTest"/>
  <testcase name="testSort_BAB" time="0.001" classname="SortTest"/>
  <testcase name="testSortComparator_CAB" time="0.002" classname="SortTest"/>
  <testcase name="testSortComparator_AB" time="0.000" classname="SortTest"/>
  <testcase name="testSortComparator_BAC" time="0.001" classname="SortTest"/>
  <testcase name="testSort_AAB" time="0.002" classname="SortTest"/>
  <testcase name="testSort_CAB" time="0.001" classname="SortTest"/>
  <testcase name="testSortComparator_BAA" time="0.001" classname="SortTest"/>
  <testcase name="testSortComparator_newList" time="0.001" classname="SortTest"/>
  <testcase name="testSort_newList" time="0.001" classname="SortTest"/>
  <testcase name="testSortComparator_CACB" time="0.001" classname="SortTest"/>
  <testcase name="testSort_ABA" time="0.000" classname="SortTest"/>
  <testcase name="testSort_ACB" time="0.001" classname="SortTest"/>
  <testcase name="testSortComparator_CBA" time="0.002" classname="SortTest"/>
  <testcase name="testSort_CBA" time="0.000" classname="SortTest"/>
  <testcase name="testSortComparator_AAB" time="0.001" classname="SortTest"/>
  <testcase name="testSortComparator_BA" time="0.001" classname="SortTest"/>
  <testcase name="testSort_BAC" time="0.002" classname="SortTest"/>
  <testcase name="testSort_BA" time="0.003" classname="SortTest"/>
  <testcase name="testSort_CACB" time="0.001" classname="SortTest"/>
  <testcase name="testSort_A" time="0.001" classname="SortTest"/>
  <testcase name="testSort_BDAC" time="0.002" classname="SortTest"/>
</testsuite> <!-- SortTest -->
